<?xml version="1.0" encoding="UTF-8" ?>
<testsuite tests="8" failures="0" name="com.yimayhd.data.CarTest" time="21.929" errors="0" skipped="1">
  <properties>
[...]
</properties>
  <testcase classname="com.yimayhd.data.CarTest" name="setIndexTypeMappingTest" time="0.054"/>
  <testcase classname="com.yimayhd.data.CarTest" name="bulkInsertTest" time="10.833"/>
  <testcase classname="com.yimayhd.data.CarTest" name="bulkTest" time="10.834">
    <skipped/>
  </testcase>
  <testcase classname="com.yimayhd.data.CarTest" name="upsertTest" time="0.024"/>
  <testcase classname="com.yimayhd.data.CarTest" name="geoSearchTest" time="0.148"/>
  <testcase classname="com.yimayhd.data.CarTest" name="getById" time="0.01"/>
  <testcase classname="com.yimayhd.data.CarTest" name="carGetTest" time="0.007"/>
  <testcase classname="com.yimayhd.data.CarTest" name="carIndexTest" time="0.019"/>
</testsuite>